<?xml version="1.0" encoding="UTF-8"?>
<testsuite name="com.example.myapp.DemoApplicationTests" tests="1" skipped="0" failures="0" errors="0" timestamp="2017-09-21T06:19:40" hostname="fqcs-MacBook-Pro.local" time="0.03">
  <properties/>
  <testcase name="contextLoads" classname="com.example.myapp.DemoApplicationTests" time="0.03"/>
  <system-out><![CDATA[14:19:27.396 [Test worker] DEBUG org.springframework.test.context.junit4.SpringJUnit4ClassRunner - SpringJUnit4ClassRunner constructor called with [class com.example.myapp.DemoApplicationTests]
14:19:27.404 [Test worker] DEBUG org.springframework.test.context.BootstrapUtils - Instantiating CacheAwareContextLoaderDelegate from class [org.springframework.test.context.cache.DefaultCacheAwareContextLoaderDelegate]
14:19:27.415 [Test worker] DEBUG org.springframework.test.context.BootstrapUtils - Instantiating BootstrapContext using constructor [public org.springframework.test.context.support.DefaultBootstrapContext(java.lang.Class,org.springframework.test.context.CacheAwareContextLoaderDelegate)]
14:19:27.428 [Test worker] DEBUG org.springframework.test.context.BootstrapUtils - Instantiating TestContextBootstrapper for test class [com.example.myapp.DemoApplicationTests] from class [org.springframework.boot.test.context.SpringBootTestContextBootstrapper]
14:19:27.449 [Test worker] INFO org.springframework.boot.test.context.SpringBootTestContextBootstrapper - Neither @ContextConfiguration nor @ContextHierarchy found for test class [com.example.myapp.DemoApplicationTests], using SpringBootContextLoader
14:19:27.453 [Test worker] DEBUG org.springframework.test.context.support.AbstractContextLoader - Did not detect default resource location for test class [com.example.myapp.DemoApplicationTests]: class path resource [com/example/myapp/DemoApplicationTests-context.xml] does not exist
14:19:27.453 [Test worker] DEBUG org.springframework.test.context.support.AbstractContextLoader - Did not detect default resource location for test class [com.example.myapp.DemoApplicationTests]: class path resource [com/example/myapp/DemoApplicationTestsContext.groovy] does not exist
14:19:27.453 [Test worker] INFO org.springframework.test.context.support.AbstractContextLoader - Could not detect default resource locations for test class [com.example.myapp.DemoApplicationTests]: no resource found for suffixes {-context.xml, Context.groovy}.
14:19:27.455 [Test worker] INFO org.springframework.test.context.support.AnnotationConfigContextLoaderUtils - Could not detect default configuration classes for test class [com.example.myapp.DemoApplicationTests]: DemoApplicationTests does not declare any static, non-private, non-final, nested classes annotated with @Configuration.
14:19:27.523 [Test worker] DEBUG org.springframework.test.context.support.ActiveProfilesUtils - Could not find an 'annotation declaring class' for annotation type [org.springframework.test.context.ActiveProfiles] and class [com.example.myapp.DemoApplicationTests]
14:19:27.532 [Test worker] DEBUG org.springframework.core.env.StandardEnvironment - Adding PropertySource 'systemProperties' with lowest search precedence
14:19:27.534 [Test worker] DEBUG org.springframework.core.env.StandardEnvironment - Adding PropertySource 'systemEnvironment' with lowest search precedence
14:19:27.535 [Test worker] DEBUG org.springframework.core.env.StandardEnvironment - Initialized StandardEnvironment with PropertySources [MapPropertySource@1814171546 {name='systemProperties', properties={java.runtime.name=OpenJDK Runtime Environment, sun.boot.library.path=/Users/fqc/.sdkman/candidates/java/8u144-zulu/jre/lib, java.vm.version=25.144-b01, gopherProxySet=false, java.vm.vendor=Azul Systems, Inc., java.vendor.url=http://www.azulsystems.com/, path.separator=:, java.vm.name=OpenJDK 64-Bit Server VM, file.encoding.pkg=sun.io, sun.java.launcher=SUN_STANDARD, user.country=US, sun.os.patch.level=unknown, java.vm.specification.name=Java Virtual Machine Specification, user.dir=/Users/fqc/git-work/bigdata_sidepro_new/springbootdemo/myapp, java.runtime.version=1.8.0_144-b01, java.awt.graphicsenv=sun.awt.CGraphicsEnvironment, java.endorsed.dirs=/Users/fqc/.sdkman/candidates/java/8u144-zulu/jre/lib/endorsed, os.arch=x86_64, java.io.tmpdir=/var/folders/dz/9ggdb0ps3r31kxrr545jlffw0000gn/T/, line.separator=
, java.vm.specification.vendor=Oracle Corporation, user.variant=, os.name=Mac OS X, sun.jnu.encoding=UTF-8, java.library.path=/Users/fqc/Library/Java/Extensions:/Library/Java/Extensions:/Network/Library/Java/Extensions:/System/Library/Java/Extensions:/usr/lib/java:., java.specification.name=Java Platform API Specification, java.class.version=52.0, org.gradle.native=false, sun.management.compiler=HotSpot 64-Bit Tiered Compilers, os.version=10.12.6, user.home=/Users/fqc, user.timezone=Asia/Shanghai, java.awt.printerjob=sun.lwawt.macosx.CPrinterJob, file.encoding=UTF-8, java.specification.version=1.8, java.class.path=/Users/fqc/git-work/bigdata_sidepro_new/springbootdemo/myapp/build/classes/java/test:/Users/fqc/git-work/bigdata_sidepro_new/springbootdemo/myapp/build/resources/test:/Users/fqc/git-work/bigdata_sidepro_new/springbootdemo/myapp/build/classes/java/main:/Users/fqc/git-work/bigdata_sidepro_new/springbootdemo/myapp/build/resources/main:/Users/fqc/.gradle/caches/modules-2/files-2.1/org.springframework.boot/spring-boot-starter-web/1.5.7.RELEASE/a862305be8b7512a41f6768d825ed37251ccbbe0/spring-boot-starter-web-1.5.7.RELEASE.jar:/Users/fqc/.gradle/caches/modules-2/files-2.1/org.springframework.boot/spring-boot-starter-actuator/1.5.7.RELEASE/c8058080955524edbbacda602f25d1c5fdf2a3a9/spring-boot-starter-actuator-1.5.7.RELEASE.jar:/Users/fqc/.gradle/caches/modules-2/files-2.1/org.springframework.boot/spring-boot-starter/1.5.7.RELEASE/b42fe6962dd8b3be4ac8c1d7134d0ca2d0a35c7e/spring-boot-starter-1.5.7.RELEASE.jar:/Users/fqc/.gradle/caches/modules-2/files-2.1/org.springframework.boot/spring-boot-starter-logging/1.5.7.RELEASE/c84c4ea09d7f789a0d5e936a961471e5dbd9295e/spring-boot-starter-logging-1.5.7.RELEASE.jar:/Users/fqc/.gradle/caches/modules-2/files-2.1/org.springframework.boot/spring-boot-starter-test/1.5.7.RELEASE/d23f37a72c2d4e46aba66bc69a649213f9cadeee/spring-boot-starter-test-1.5.7.RELEASE.jar:/Users/fqc/.gradle/caches/modules-2/files-2.1/ch.qos.logback/logback-classic/1.1.11/ccedfbacef4a6515d2983e3f89ed753d5d4fb665/logback-classic-1.1.11.jar:/Users/fqc/.gradle/caches/modules-2/files-2.1/org.slf4j/jcl-over-slf4j/1.7.25/f8c32b13ff142a513eeb5b6330b1588dcb2c0461/jcl-over-slf4j-1.7.25.jar:/Users/fqc/.gradle/caches/modules-2/files-2.1/org.slf4j/jul-to-slf4j/1.7.25/af5364cd6679bfffb114f0dec8a157aaa283b76/jul-to-slf4j-1.7.25.jar:/Users/fqc/.gradle/caches/modules-2/files-2.1/org.slf4j/log4j-over-slf4j/1.7.25/a87bb47468f47ee7aabbd54f93e133d4215769c3/log4j-over-slf4j-1.7.25.jar:/Users/fqc/.gradle/caches/modules-2/files-2.1/org.springframework.boot/spring-boot-starter-tomcat/1.5.7.RELEASE/eae533e2a0111a51d812912acb3d3e2368736d1b/spring-boot-starter-tomcat-1.5.7.RELEASE.jar:/Users/fqc/.gradle/caches/modules-2/files-2.1/org.hibernate/hibernate-validator/5.3.5.Final/622a9bcef2eed6d41b5b8e0662c36212009e375/hibernate-validator-5.3.5.Final.jar:/Users/fqc/.gradle/caches/modules-2/files-2.1/org.springframework.boot/spring-boot-actuator/1.5.7.RELEASE/ff3124e2359be5e6c0d9cc501bf214413a329fee/spring-boot-actuator-1.5.7.RELEASE.jar:/Users/fqc/.gradle/caches/modules-2/files-2.1/com.fasterxml.jackson.core/jackson-databind/2.8.10/f7b83cb2bc4b88d53961e749e1ad32f49ef017b7/jackson-databind-2.8.10.jar:/Users/fqc/.gradle/caches/modules-2/files-2.1/org.springframework/spring-webmvc/4.3.11.RELEASE/814f91ec4dc324e724bbe7cbc5045b234604c539/spring-webmvc-4.3.11.RELEASE.jar:/Users/fqc/.gradle/caches/modules-2/files-2.1/org.springframework/spring-web/4.3.11.RELEASE/50a3dfce550bdf9459dfb2c6282aa104b040258e/spring-web-4.3.11.RELEASE.jar:/Users/fqc/.gradle/caches/modules-2/files-2.1/org.springframework.boot/spring-boot-test-autoconfigure/1.5.7.RELEASE/8bead16b97c9f1b5fe7c47f3e030dd9351a6974d/spring-boot-test-autoconfigure-1.5.7.RELEASE.jar:/Users/fqc/.gradle/caches/modules-2/files-2.1/org.springframework.boot/spring-boot-test/1.5.7.RELEASE/b8d77445d48f4320f404d8f13f4e5cb95bc36b30/spring-boot-test-1.5.7.RELEASE.jar:/Users/fqc/.gradle/caches/modules-2/files-2.1/com.jayway.jsonpath/json-path/2.2.0/22290d17944bd239fabf5ac69005a60a7ecbbbcb/json-path-2.2.0.jar:/Users/fqc/.gradle/caches/modules-2/files-2.1/junit/junit/4.12/2973d150c0dc1fefe998f834810d68f278ea58ec/junit-4.12.jar:/Users/fqc/.gradle/caches/modules-2/files-2.1/org.assertj/assertj-core/2.6.0/b532c3fc4f66bcfee4989a3514f1cd56203a33ad/assertj-core-2.6.0.jar:/Users/fqc/.gradle/caches/modules-2/files-2.1/org.mockito/mockito-core/1.10.19/e8546f5bef4e061d8dd73895b4e8f40e3fe6effe/mockito-core-1.10.19.jar:/Users/fqc/.gradle/caches/modules-2/files-2.1/org.hamcrest/hamcrest-library/1.3/4785a3c21320980282f9f33d0d1264a69040538f/hamcrest-library-1.3.jar:/Users/fqc/.gradle/caches/modules-2/files-2.1/org.hamcrest/hamcrest-core/1.3/42a25dc3219429f0e5d060061f71acb49bf010a0/hamcrest-core-1.3.jar:/Users/fqc/.gradle/caches/modules-2/files-2.1/org.skyscreamer/jsonassert/1.4.0/9cdbb373a06f6513e51e8c545ee6a5e981463edb/jsonassert-1.4.0.jar:/Users/fqc/.gradle/caches/modules-2/files-2.1/org.springframework/spring-test/4.3.11.RELEASE/cf765b5d6d6bdc38c67522ecae3fe9549da43e1/spring-test-4.3.11.RELEASE.jar:/Users/fqc/.gradle/caches/modules-2/files-2.1/org.springframework.boot/spring-boot-autoconfigure/1.5.7.RELEASE/e83f1407ff991e9e7eb156f49fa19d868bb73289/spring-boot-autoconfigure-1.5.7.RELEASE.jar:/Users/fqc/.gradle/caches/modules-2/files-2.1/org.springframework.boot/spring-boot/1.5.7.RELEASE/1006870df7b3dc203df7ce84463c5dd7049fdaa4/spring-boot-1.5.7.RELEASE.jar:/Users/fqc/.gradle/caches/modules-2/files-2.1/org.springframework/spring-context/4.3.11.RELEASE/3efec2d7c7469d49108a2b21c3f15831f7297569/spring-context-4.3.11.RELEASE.jar:/Users/fqc/.gradle/caches/modules-2/files-2.1/org.springframework/spring-aop/4.3.11.RELEASE/461d0bb58f1de30203d9331adf4b51de9554de5a/spring-aop-4.3.11.RELEASE.jar:/Users/fqc/.gradle/caches/modules-2/files-2.1/org.springframework/spring-beans/4.3.11.RELEASE/591cc35fd39292adae13f01aa13e978d0bb11936/spring-beans-4.3.11.RELEASE.jar:/Users/fqc/.gradle/caches/modules-2/files-2.1/org.springframework/spring-expression/4.3.11.RELEASE/fca662a2fccdad90ec22b2aaecb021047dcbe249/spring-expression-4.3.11.RELEASE.jar:/Users/fqc/.gradle/caches/modules-2/files-2.1/org.springframework/spring-core/4.3.11.RELEASE/eb30ed093f628279d3aead068fd478fa343f1dad/spring-core-4.3.11.RELEASE.jar:/Users/fqc/.gradle/caches/modules-2/files-2.1/ch.qos.logback/logback-core/1.1.11/88b8df40340eed549fb07e2613879bf6b006704d/logback-core-1.1.11.jar:/Users/fqc/.gradle/caches/modules-2/files-2.1/org.slf4j/slf4j-api/1.7.25/da76ca59f6a57ee3102f8f9bd9cee742973efa8a/slf4j-api-1.7.25.jar:/Users/fqc/.gradle/caches/modules-2/files-2.1/org.yaml/snakeyaml/1.17/7a27ea250c5130b2922b86dea63cbb1cc10a660c/snakeyaml-1.17.jar:/Users/fqc/.gradle/caches/modules-2/files-2.1/org.apache.tomcat.embed/tomcat-embed-websocket/8.5.20/4df9055507926a2651f691cc9964c50493a0ab29/tomcat-embed-websocket-8.5.20.jar:/Users/fqc/.gradle/caches/modules-2/files-2.1/org.apache.tomcat.embed/tomcat-embed-core/8.5.20/b9026ee20f1f6a2b0fc3e51dd806d800901448b0/tomcat-embed-core-8.5.20.jar:/Users/fqc/.gradle/caches/modules-2/files-2.1/org.apache.tomcat.embed/tomcat-embed-el/8.5.20/42960f481a8a80f4ffd3b865c2232820e3565bf1/tomcat-embed-el-8.5.20.jar:/Users/fqc/.gradle/caches/modules-2/files-2.1/javax.validation/validation-api/1.1.0.Final/8613ae82954779d518631e05daa73a6a954817d5/validation-api-1.1.0.Final.jar:/Users/fqc/.gradle/caches/modules-2/files-2.1/org.jboss.logging/jboss-logging/3.3.1.Final/c46217ab74b532568c0ed31dc599db3048bd1b67/jboss-logging-3.3.1.Final.jar:/Users/fqc/.gradle/caches/modules-2/files-2.1/com.fasterxml/classmate/1.3.4/3d5f48f10bbe4eb7bd862f10c0583be2e0053c6/classmate-1.3.4.jar:/Users/fqc/.gradle/caches/modules-2/files-2.1/com.fasterxml.jackson.core/jackson-annotations/2.8.0/45b426f7796b741035581a176744d91090e2e6fb/jackson-annotations-2.8.0.jar:/Users/fqc/.gradle/caches/modules-2/files-2.1/com.fasterxml.jackson.core/jackson-core/2.8.10/eb21a035c66ad307e66ec8fce37f5d50fd62d039/jackson-core-2.8.10.jar:/Users/fqc/.gradle/caches/modules-2/files-2.1/net.minidev/json-smart/2.2.1/5b9e5df7a62d1279b70dc882b041d249c4f0b002/json-smart-2.2.1.jar:/Users/fqc/.gradle/caches/modules-2/files-2.1/org.objenesis/objenesis/2.1/87c0ea803b69252868d09308b4618f766f135a96/objenesis-2.1.jar:/Users/fqc/.gradle/caches/modules-2/files-2.1/com.vaadin.external.google/android-json/0.0.20131108.vaadin1/fa26d351fe62a6a17f5cda1287c1c6110dec413f/android-json-0.0.20131108.vaadin1.jar:/Users/fqc/.gradle/caches/modules-2/files-2.1/net.minidev/accessors-smart/1.1/a527213f2fea112a04c9bdf0ec0264e34104cd08/accessors-smart-1.1.jar:/Users/fqc/.gradle/caches/modules-2/files-2.1/org.ow2.asm/asm/5.0.3/dcc2193db20e19e1feca8b1240dbbc4e190824fa/asm-5.0.3.jar, user.name=fqc, java.vm.specification.version=1.8, sun.java.command=worker.org.gradle.process.internal.worker.GradleWorkerMain 'Gradle Test Executor 14', java.home=/Users/fqc/.sdkman/candidates/java/8u144-zulu/jre, sun.arch.data.model=64, user.language=en, java.specification.vendor=Oracle Corporation, awt.toolkit=sun.lwawt.macosx.LWCToolkit, java.vm.info=mixed mode, java.version=1.8.0_144, java.ext.dirs=/Users/fqc/Library/Java/Extensions:/Users/fqc/.sdkman/candidates/java/8u144-zulu/jre/lib/ext:/Library/Java/Extensions:/Network/Library/Java/Extensions:/System/Library/Java/Extensions:/usr/lib/java, sun.boot.class.path=/Users/fqc/.sdkman/candidates/java/8u144-zulu/jre/lib/resources.jar:/Users/fqc/.sdkman/candidates/java/8u144-zulu/jre/lib/rt.jar:/Users/fqc/.sdkman/candidates/java/8u144-zulu/jre/lib/sunrsasign.jar:/Users/fqc/.sdkman/candidates/java/8u144-zulu/jre/lib/jsse.jar:/Users/fqc/.sdkman/candidates/java/8u144-zulu/jre/lib/jce.jar:/Users/fqc/.sdkman/candidates/java/8u144-zulu/jre/lib/charsets.jar:/Users/fqc/.sdkman/candidates/java/8u144-zulu/jre/lib/jfr.jar:/Users/fqc/.sdkman/candidates/java/8u144-zulu/jre/classes, java.vendor=Azul Systems, Inc., org.gradle.test.worker=14, file.separator=/, java.vendor.url.bug=http://www.azulsystems.com/support/, sun.io.unicode.encoding=UnicodeBig, sun.cpu.endian=little, sun.cpu.isalist=}}, SystemEnvironmentPropertySource@833906358 {name='systemEnvironment', properties={PATH=/usr/local/bin/mongo/bin:/Users/fqc/apps/hadoop-2.6.4/bin:/Users/fqc/apps/apache-maven-3.3.9/bin:/usr/local/go/bin:/Users/fqc/apps/scala-2.10.6/bin:/Applications/MacVim.app/Contents/bin:/Users/fqc/.sdkman/candidates/springboot/current/bin:/Users/fqc/.sdkman/candidates/java/current/bin:/Users/fqc/.sdkman/candidates/gradle/current/bin:/Users/fqc/work:/bin:/Users/fqc/apps/hadoop-2.6.4/bin:/Users/fqc/apps/apache-maven-3.3.9/bin:/usr/local/share/scala/bin:/Users/fqc/apps/spark-1.6.2-bin-hadoop2.6:/Users/fqc/apps/spark-1.6.2-bin-hadoop2.6/bin:/usr/local/go/bin:/Users/fqc/work/bin:/Users/fqc/apps/spark-1.6.2-bin-hadoop2.6/python/:/Users/fqc/apps/spark-1.6.2-bin-hadoop2.6/python/lib/py4j-0.9-src.zip::/usr/local/bin:/usr/bin:/bin:/usr/sbin:/sbin, SDKMAN_VERSION=5.5.11+256, MAVEN_HOME=/Users/fqc/apps/apache-maven-3.3.9, AUTOJUMP_SOURCED=1, COLORTERM=truecolor, JAVA_MAIN_CLASS_18167=org.gradle.wrapper.GradleWrapperMain, SDKMAN_DIR=/Users/fqc/.sdkman, LOGNAME=fqc, PWD=/Users/fqc/git-work/bigdata_sidepro_new/springbootdemo/myapp, TERM_PROGRAM_VERSION=3.1.beta.10, SPRINGBOOT_HOME=/Users/fqc/.sdkman/candidates/springboot/current, PYTHONPATH=/Users/fqc/apps/spark-1.6.2-bin-hadoop2.6/python/lib/py4j-0.9-src.zip:/Users/fqc/apps/spark-1.6.2-bin-hadoop2.6/python:/Users/fqc/apps/spark-1.6.2-bin-hadoop2.6/python/:/Users/fqc/apps/spark-1.6.2-bin-hadoop2.6/python/lib/py4j-0.9-src.zip:, SHELL=/bin/zsh, PAGER=less, MONGODB=/usr/local/bin/mongo, SECURITYSESSIONID=186a6, GOPATH=/Users/fqc/work, OLDPWD=/Users/fqc/git-work/bigdata_sidepro_new/springbootdemo/myapp, ZSH=/Users/fqc/.oh-my-zsh, ITERM_PROFILE=Default, TMPDIR=/var/folders/dz/9ggdb0ps3r31kxrr545jlffw0000gn/T/, XPC_FLAGS=0x0, TERM_SESSION_ID=w0t0p0:E1337BD7-4BAB-4C21-ADF7-AE3902624AA6, HADOOP_HOME=/Users/fqc/apps/hadoop-2.6.4, __CF_USER_TEXT_ENCODING=0x1F5:0x0:0x0, Apple_PubSub_Socket_Render=/private/tmp/com.apple.launchd.q1d5cfx83g/Render, LESS=-R, LC_CTYPE=UTF-8, COLORFGBG=15;0, SHLVL=1, SDKMAN_CURRENT_API=https://api.sdkman.io/2, AUTOJUMP_ERROR_PATH=/Users/fqc/Library/autojump/errors.log, JAVA_HOME=/Users/fqc/.sdkman/candidates/java/current, TERM=xterm-256color, GRADLE_HOME=/Users/fqc/.sdkman/candidates/gradle/current, JAVA_MAIN_CLASS_18180=worker.org.gradle.process.internal.worker.GradleWorkerMain, HADOOP_USER_NAME=hdfs, SPARK_HOME=/Users/fqc/apps/spark-1.6.2-bin-hadoop2.6, ITERM_SESSION_ID=w0t0p0:E1337BD7-4BAB-4C21-ADF7-AE3902624AA6, XPC_SERVICE_NAME=0, SCALA_HOME=/Users/fqc/apps/scala-2.10.6, SDKMAN_CANDIDATES_DIR=/Users/fqc/.sdkman/candidates, SDKMAN_LEGACY_API=https://api.sdkman.io/1, APP_NAME_18167=Gradle, TERM_PROGRAM=iTerm.app, LSCOLORS=Gxfxcxdxbxegedabagacad, APP_ICON_18167=/Users/fqc/git-work/bigdata_sidepro_new/springbootdemo/myapp/media/gradle.icns, SDKMAN_PLATFORM=Darwin, USER=fqc, GOROOT=/usr/local/go, SSH_AUTH_SOCK=/private/tmp/com.apple.launchd.y6GncgQPc7/Listeners, GOBIN=/Users/fqc/work/bin, MACVIM=/Applications/MacVim.app/Contents/bin, HOME=/Users/fqc}}]
14:19:27.559 [Test worker] DEBUG org.springframework.core.io.support.PathMatchingResourcePatternResolver - Resolved classpath location [com/example/myapp/] to resources [URL [file:/Users/fqc/git-work/bigdata_sidepro_new/springbootdemo/myapp/build/classes/java/test/com/example/myapp/], URL [file:/Users/fqc/git-work/bigdata_sidepro_new/springbootdemo/myapp/build/classes/java/main/com/example/myapp/]]
14:19:27.559 [Test worker] DEBUG org.springframework.core.io.support.PathMatchingResourcePatternResolver - Looking for matching resources in directory tree [/Users/fqc/git-work/bigdata_sidepro_new/springbootdemo/myapp/build/classes/java/test/com/example/myapp]
14:19:27.560 [Test worker] DEBUG org.springframework.core.io.support.PathMatchingResourcePatternResolver - Searching directory [/Users/fqc/git-work/bigdata_sidepro_new/springbootdemo/myapp/build/classes/java/test/com/example/myapp] for files matching pattern [/Users/fqc/git-work/bigdata_sidepro_new/springbootdemo/myapp/build/classes/java/test/com/example/myapp/*.class]
14:19:27.562 [Test worker] DEBUG org.springframework.core.io.support.PathMatchingResourcePatternResolver - Looking for matching resources in directory tree [/Users/fqc/git-work/bigdata_sidepro_new/springbootdemo/myapp/build/classes/java/main/com/example/myapp]
14:19:27.562 [Test worker] DEBUG org.springframework.core.io.support.PathMatchingResourcePatternResolver - Searching directory [/Users/fqc/git-work/bigdata_sidepro_new/springbootdemo/myapp/build/classes/java/main/com/example/myapp] for files matching pattern [/Users/fqc/git-work/bigdata_sidepro_new/springbootdemo/myapp/build/classes/java/main/com/example/myapp/*.class]
14:19:27.563 [Test worker] DEBUG org.springframework.core.io.support.PathMatchingResourcePatternResolver - Resolved location pattern [classpath*:com/example/myapp/*.class] to resources [file [/Users/fqc/git-work/bigdata_sidepro_new/springbootdemo/myapp/build/classes/java/test/com/example/myapp/DemoApplicationTests.class], file [/Users/fqc/git-work/bigdata_sidepro_new/springbootdemo/myapp/build/classes/java/main/com/example/myapp/HomeController.class]]
14:19:27.614 [Test worker] DEBUG org.springframework.context.annotation.ClassPathScanningCandidateComponentProvider - Identified candidate component class: file [/Users/fqc/git-work/bigdata_sidepro_new/springbootdemo/myapp/build/classes/java/main/com/example/myapp/HomeController.class]
14:19:27.616 [Test worker] INFO org.springframework.boot.test.context.SpringBootTestContextBootstrapper - Found @SpringBootConfiguration com.example.myapp.HomeController for test class com.example.myapp.DemoApplicationTests
14:19:27.620 [Test worker] DEBUG org.springframework.boot.test.context.SpringBootTestContextBootstrapper - @TestExecutionListeners is not present for class [com.example.myapp.DemoApplicationTests]: using defaults.
14:19:27.623 [Test worker] INFO org.springframework.boot.test.context.SpringBootTestContextBootstrapper - Loaded default TestExecutionListener class names from location [META-INF/spring.factories]: [org.springframework.boot.test.autoconfigure.restdocs.RestDocsTestExecutionListener, org.springframework.boot.test.autoconfigure.web.client.MockRestServiceServerResetTestExecutionListener, org.springframework.boot.test.autoconfigure.web.servlet.MockMvcPrintOnlyOnFailureTestExecutionListener, org.springframework.boot.test.autoconfigure.web.servlet.WebDriverTestExecutionListener, org.springframework.boot.test.mock.mockito.MockitoTestExecutionListener, org.springframework.boot.test.mock.mockito.ResetMocksTestExecutionListener, org.springframework.test.context.web.ServletTestExecutionListener, org.springframework.test.context.support.DirtiesContextBeforeModesTestExecutionListener, org.springframework.test.context.support.DependencyInjectionTestExecutionListener, org.springframework.test.context.support.DirtiesContextTestExecutionListener, org.springframework.test.context.transaction.TransactionalTestExecutionListener, org.springframework.test.context.jdbc.SqlScriptsTestExecutionListener]
14:19:27.643 [Test worker] INFO org.springframework.boot.test.context.SpringBootTestContextBootstrapper - Could not instantiate TestExecutionListener [org.springframework.test.context.jdbc.SqlScriptsTestExecutionListener]. Specify custom listener classes or make the default listener classes (and their required dependencies) available. Offending class: [org/springframework/transaction/interceptor/TransactionAttribute]
14:19:27.644 [Test worker] INFO org.springframework.boot.test.context.SpringBootTestContextBootstrapper - Could not instantiate TestExecutionListener [org.springframework.test.context.transaction.TransactionalTestExecutionListener]. Specify custom listener classes or make the default listener classes (and their required dependencies) available. Offending class: [org/springframework/transaction/interceptor/TransactionAttributeSource]
14:19:27.646 [Test worker] INFO org.springframework.boot.test.context.SpringBootTestContextBootstrapper - Using TestExecutionListeners: [org.springframework.test.context.web.ServletTestExecutionListener@5b699d21, org.springframework.test.context.support.DirtiesContextBeforeModesTestExecutionListener@2924fa28, org.springframework.boot.test.autoconfigure.SpringBootDependencyInjectionTestExecutionListener@70112b56, org.springframework.test.context.support.DirtiesContextTestExecutionListener@570f04eb, org.springframework.boot.test.autoconfigure.web.client.MockRestServiceServerResetTestExecutionListener@40981bbe, org.springframework.boot.test.autoconfigure.web.servlet.WebDriverTestExecutionListener@4e635c3f, org.springframework.boot.test.mock.mockito.MockitoTestExecutionListener@3751853e, org.springframework.boot.test.mock.mockito.ResetMocksTestExecutionListener@1856f763, org.springframework.boot.test.autoconfigure.web.servlet.MockMvcPrintOnlyOnFailureTestExecutionListener@18935a3c, org.springframework.boot.test.autoconfigure.restdocs.RestDocsTestExecutionListener@4c456fb5]
14:19:27.652 [Test worker] DEBUG org.springframework.test.annotation.ProfileValueUtils - Retrieved @ProfileValueSourceConfiguration [null] for test class [com.example.myapp.DemoApplicationTests]
14:19:27.652 [Test worker] DEBUG org.springframework.test.annotation.ProfileValueUtils - Retrieved ProfileValueSource type [class org.springframework.test.annotation.SystemProfileValueSource] for class [com.example.myapp.DemoApplicationTests]
14:19:27.654 [Test worker] DEBUG org.springframework.test.annotation.ProfileValueUtils - Retrieved @ProfileValueSourceConfiguration [null] for test class [com.example.myapp.DemoApplicationTests]
14:19:27.654 [Test worker] DEBUG org.springframework.test.annotation.ProfileValueUtils - Retrieved ProfileValueSource type [class org.springframework.test.annotation.SystemProfileValueSource] for class [com.example.myapp.DemoApplicationTests]
14:19:27.660 [Test worker] DEBUG org.springframework.test.context.support.AbstractDirtiesContextTestExecutionListener - Before test class: context [DefaultTestContext@547bd623 testClass = DemoApplicationTests, testInstance = [null], testMethod = [null], testException = [null], mergedContextConfiguration = [WebMergedContextConfiguration@666d25b2 testClass = DemoApplicationTests, locations = '{}', classes = '{class com.example.myapp.HomeController}', contextInitializerClasses = '[]', activeProfiles = '{}', propertySourceLocations = '{}', propertySourceProperties = '{org.springframework.boot.test.context.SpringBootTestContextBootstrapper=true}', contextCustomizers = set[org.springframework.boot.test.autoconfigure.properties.PropertyMappingContextCustomizer@0, org.springframework.boot.test.autoconfigure.web.servlet.WebDriverContextCustomizerFactory$Customizer@28984779, org.springframework.boot.test.context.SpringBootTestContextCustomizer@3de9b7e4, org.springframework.boot.test.context.filter.ExcludeFilterContextCustomizer@2a65d574, org.springframework.boot.test.json.DuplicateJsonObjectContextCustomizerFactory$DuplicateJsonObjectContextCustomizer@3af42a7f, org.springframework.boot.test.mock.mockito.MockitoContextCustomizer@0], resourceBasePath = 'src/main/webapp', contextLoader = 'org.springframework.boot.test.context.SpringBootContextLoader', parent = [null]]], class annotated with @DirtiesContext [false] with mode [null].
14:19:27.661 [Test worker] DEBUG org.springframework.test.annotation.ProfileValueUtils - Retrieved @ProfileValueSourceConfiguration [null] for test class [com.example.myapp.DemoApplicationTests]
14:19:27.661 [Test worker] DEBUG org.springframework.test.annotation.ProfileValueUtils - Retrieved ProfileValueSource type [class org.springframework.test.annotation.SystemProfileValueSource] for class [com.example.myapp.DemoApplicationTests]
14:19:27.714 [Test worker] DEBUG org.springframework.core.env.StandardEnvironment - Adding PropertySource 'systemProperties' with lowest search precedence
14:19:27.714 [Test worker] DEBUG org.springframework.core.env.StandardEnvironment - Adding PropertySource 'systemEnvironment' with lowest search precedence
14:19:27.714 [Test worker] DEBUG org.springframework.core.env.StandardEnvironment - Initialized StandardEnvironment with PropertySources [MapPropertySource@439873158 {name='systemProperties', properties={java.runtime.name=OpenJDK Runtime Environment, sun.boot.library.path=/Users/fqc/.sdkman/candidates/java/8u144-zulu/jre/lib, java.vm.version=25.144-b01, gopherProxySet=false, java.vm.vendor=Azul Systems, Inc., java.vendor.url=http://www.azulsystems.com/, path.separator=:, java.vm.name=OpenJDK 64-Bit Server VM, file.encoding.pkg=sun.io, sun.java.launcher=SUN_STANDARD, user.country=US, sun.os.patch.level=unknown, java.vm.specification.name=Java Virtual Machine Specification, user.dir=/Users/fqc/git-work/bigdata_sidepro_new/springbootdemo/myapp, java.runtime.version=1.8.0_144-b01, java.awt.graphicsenv=sun.awt.CGraphicsEnvironment, java.endorsed.dirs=/Users/fqc/.sdkman/candidates/java/8u144-zulu/jre/lib/endorsed, os.arch=x86_64, java.io.tmpdir=/var/folders/dz/9ggdb0ps3r31kxrr545jlffw0000gn/T/, line.separator=
, java.vm.specification.vendor=Oracle Corporation, user.variant=, os.name=Mac OS X, sun.jnu.encoding=UTF-8, java.library.path=/Users/fqc/Library/Java/Extensions:/Library/Java/Extensions:/Network/Library/Java/Extensions:/System/Library/Java/Extensions:/usr/lib/java:., java.specification.name=Java Platform API Specification, java.class.version=52.0, org.gradle.native=false, sun.management.compiler=HotSpot 64-Bit Tiered Compilers, os.version=10.12.6, user.home=/Users/fqc, user.timezone=Asia/Shanghai, java.awt.printerjob=sun.lwawt.macosx.CPrinterJob, file.encoding=UTF-8, java.specification.version=1.8, java.class.path=/Users/fqc/git-work/bigdata_sidepro_new/springbootdemo/myapp/build/classes/java/test:/Users/fqc/git-work/bigdata_sidepro_new/springbootdemo/myapp/build/resources/test:/Users/fqc/git-work/bigdata_sidepro_new/springbootdemo/myapp/build/classes/java/main:/Users/fqc/git-work/bigdata_sidepro_new/springbootdemo/myapp/build/resources/main:/Users/fqc/.gradle/caches/modules-2/files-2.1/org.springframework.boot/spring-boot-starter-web/1.5.7.RELEASE/a862305be8b7512a41f6768d825ed37251ccbbe0/spring-boot-starter-web-1.5.7.RELEASE.jar:/Users/fqc/.gradle/caches/modules-2/files-2.1/org.springframework.boot/spring-boot-starter-actuator/1.5.7.RELEASE/c8058080955524edbbacda602f25d1c5fdf2a3a9/spring-boot-starter-actuator-1.5.7.RELEASE.jar:/Users/fqc/.gradle/caches/modules-2/files-2.1/org.springframework.boot/spring-boot-starter/1.5.7.RELEASE/b42fe6962dd8b3be4ac8c1d7134d0ca2d0a35c7e/spring-boot-starter-1.5.7.RELEASE.jar:/Users/fqc/.gradle/caches/modules-2/files-2.1/org.springframework.boot/spring-boot-starter-logging/1.5.7.RELEASE/c84c4ea09d7f789a0d5e936a961471e5dbd9295e/spring-boot-starter-logging-1.5.7.RELEASE.jar:/Users/fqc/.gradle/caches/modules-2/files-2.1/org.springframework.boot/spring-boot-starter-test/1.5.7.RELEASE/d23f37a72c2d4e46aba66bc69a649213f9cadeee/spring-boot-starter-test-1.5.7.RELEASE.jar:/Users/fqc/.gradle/caches/modules-2/files-2.1/ch.qos.logback/logback-classic/1.1.11/ccedfbacef4a6515d2983e3f89ed753d5d4fb665/logback-classic-1.1.11.jar:/Users/fqc/.gradle/caches/modules-2/files-2.1/org.slf4j/jcl-over-slf4j/1.7.25/f8c32b13ff142a513eeb5b6330b1588dcb2c0461/jcl-over-slf4j-1.7.25.jar:/Users/fqc/.gradle/caches/modules-2/files-2.1/org.slf4j/jul-to-slf4j/1.7.25/af5364cd6679bfffb114f0dec8a157aaa283b76/jul-to-slf4j-1.7.25.jar:/Users/fqc/.gradle/caches/modules-2/files-2.1/org.slf4j/log4j-over-slf4j/1.7.25/a87bb47468f47ee7aabbd54f93e133d4215769c3/log4j-over-slf4j-1.7.25.jar:/Users/fqc/.gradle/caches/modules-2/files-2.1/org.springframework.boot/spring-boot-starter-tomcat/1.5.7.RELEASE/eae533e2a0111a51d812912acb3d3e2368736d1b/spring-boot-starter-tomcat-1.5.7.RELEASE.jar:/Users/fqc/.gradle/caches/modules-2/files-2.1/org.hibernate/hibernate-validator/5.3.5.Final/622a9bcef2eed6d41b5b8e0662c36212009e375/hibernate-validator-5.3.5.Final.jar:/Users/fqc/.gradle/caches/modules-2/files-2.1/org.springframework.boot/spring-boot-actuator/1.5.7.RELEASE/ff3124e2359be5e6c0d9cc501bf214413a329fee/spring-boot-actuator-1.5.7.RELEASE.jar:/Users/fqc/.gradle/caches/modules-2/files-2.1/com.fasterxml.jackson.core/jackson-databind/2.8.10/f7b83cb2bc4b88d53961e749e1ad32f49ef017b7/jackson-databind-2.8.10.jar:/Users/fqc/.gradle/caches/modules-2/files-2.1/org.springframework/spring-webmvc/4.3.11.RELEASE/814f91ec4dc324e724bbe7cbc5045b234604c539/spring-webmvc-4.3.11.RELEASE.jar:/Users/fqc/.gradle/caches/modules-2/files-2.1/org.springframework/spring-web/4.3.11.RELEASE/50a3dfce550bdf9459dfb2c6282aa104b040258e/spring-web-4.3.11.RELEASE.jar:/Users/fqc/.gradle/caches/modules-2/files-2.1/org.springframework.boot/spring-boot-test-autoconfigure/1.5.7.RELEASE/8bead16b97c9f1b5fe7c47f3e030dd9351a6974d/spring-boot-test-autoconfigure-1.5.7.RELEASE.jar:/Users/fqc/.gradle/caches/modules-2/files-2.1/org.springframework.boot/spring-boot-test/1.5.7.RELEASE/b8d77445d48f4320f404d8f13f4e5cb95bc36b30/spring-boot-test-1.5.7.RELEASE.jar:/Users/fqc/.gradle/caches/modules-2/files-2.1/com.jayway.jsonpath/json-path/2.2.0/22290d17944bd239fabf5ac69005a60a7ecbbbcb/json-path-2.2.0.jar:/Users/fqc/.gradle/caches/modules-2/files-2.1/junit/junit/4.12/2973d150c0dc1fefe998f834810d68f278ea58ec/junit-4.12.jar:/Users/fqc/.gradle/caches/modules-2/files-2.1/org.assertj/assertj-core/2.6.0/b532c3fc4f66bcfee4989a3514f1cd56203a33ad/assertj-core-2.6.0.jar:/Users/fqc/.gradle/caches/modules-2/files-2.1/org.mockito/mockito-core/1.10.19/e8546f5bef4e061d8dd73895b4e8f40e3fe6effe/mockito-core-1.10.19.jar:/Users/fqc/.gradle/caches/modules-2/files-2.1/org.hamcrest/hamcrest-library/1.3/4785a3c21320980282f9f33d0d1264a69040538f/hamcrest-library-1.3.jar:/Users/fqc/.gradle/caches/modules-2/files-2.1/org.hamcrest/hamcrest-core/1.3/42a25dc3219429f0e5d060061f71acb49bf010a0/hamcrest-core-1.3.jar:/Users/fqc/.gradle/caches/modules-2/files-2.1/org.skyscreamer/jsonassert/1.4.0/9cdbb373a06f6513e51e8c545ee6a5e981463edb/jsonassert-1.4.0.jar:/Users/fqc/.gradle/caches/modules-2/files-2.1/org.springframework/spring-test/4.3.11.RELEASE/cf765b5d6d6bdc38c67522ecae3fe9549da43e1/spring-test-4.3.11.RELEASE.jar:/Users/fqc/.gradle/caches/modules-2/files-2.1/org.springframework.boot/spring-boot-autoconfigure/1.5.7.RELEASE/e83f1407ff991e9e7eb156f49fa19d868bb73289/spring-boot-autoconfigure-1.5.7.RELEASE.jar:/Users/fqc/.gradle/caches/modules-2/files-2.1/org.springframework.boot/spring-boot/1.5.7.RELEASE/1006870df7b3dc203df7ce84463c5dd7049fdaa4/spring-boot-1.5.7.RELEASE.jar:/Users/fqc/.gradle/caches/modules-2/files-2.1/org.springframework/spring-context/4.3.11.RELEASE/3efec2d7c7469d49108a2b21c3f15831f7297569/spring-context-4.3.11.RELEASE.jar:/Users/fqc/.gradle/caches/modules-2/files-2.1/org.springframework/spring-aop/4.3.11.RELEASE/461d0bb58f1de30203d9331adf4b51de9554de5a/spring-aop-4.3.11.RELEASE.jar:/Users/fqc/.gradle/caches/modules-2/files-2.1/org.springframework/spring-beans/4.3.11.RELEASE/591cc35fd39292adae13f01aa13e978d0bb11936/spring-beans-4.3.11.RELEASE.jar:/Users/fqc/.gradle/caches/modules-2/files-2.1/org.springframework/spring-expression/4.3.11.RELEASE/fca662a2fccdad90ec22b2aaecb021047dcbe249/spring-expression-4.3.11.RELEASE.jar:/Users/fqc/.gradle/caches/modules-2/files-2.1/org.springframework/spring-core/4.3.11.RELEASE/eb30ed093f628279d3aead068fd478fa343f1dad/spring-core-4.3.11.RELEASE.jar:/Users/fqc/.gradle/caches/modules-2/files-2.1/ch.qos.logback/logback-core/1.1.11/88b8df40340eed549fb07e2613879bf6b006704d/logback-core-1.1.11.jar:/Users/fqc/.gradle/caches/modules-2/files-2.1/org.slf4j/slf4j-api/1.7.25/da76ca59f6a57ee3102f8f9bd9cee742973efa8a/slf4j-api-1.7.25.jar:/Users/fqc/.gradle/caches/modules-2/files-2.1/org.yaml/snakeyaml/1.17/7a27ea250c5130b2922b86dea63cbb1cc10a660c/snakeyaml-1.17.jar:/Users/fqc/.gradle/caches/modules-2/files-2.1/org.apache.tomcat.embed/tomcat-embed-websocket/8.5.20/4df9055507926a2651f691cc9964c50493a0ab29/tomcat-embed-websocket-8.5.20.jar:/Users/fqc/.gradle/caches/modules-2/files-2.1/org.apache.tomcat.embed/tomcat-embed-core/8.5.20/b9026ee20f1f6a2b0fc3e51dd806d800901448b0/tomcat-embed-core-8.5.20.jar:/Users/fqc/.gradle/caches/modules-2/files-2.1/org.apache.tomcat.embed/tomcat-embed-el/8.5.20/42960f481a8a80f4ffd3b865c2232820e3565bf1/tomcat-embed-el-8.5.20.jar:/Users/fqc/.gradle/caches/modules-2/files-2.1/javax.validation/validation-api/1.1.0.Final/8613ae82954779d518631e05daa73a6a954817d5/validation-api-1.1.0.Final.jar:/Users/fqc/.gradle/caches/modules-2/files-2.1/org.jboss.logging/jboss-logging/3.3.1.Final/c46217ab74b532568c0ed31dc599db3048bd1b67/jboss-logging-3.3.1.Final.jar:/Users/fqc/.gradle/caches/modules-2/files-2.1/com.fasterxml/classmate/1.3.4/3d5f48f10bbe4eb7bd862f10c0583be2e0053c6/classmate-1.3.4.jar:/Users/fqc/.gradle/caches/modules-2/files-2.1/com.fasterxml.jackson.core/jackson-annotations/2.8.0/45b426f7796b741035581a176744d91090e2e6fb/jackson-annotations-2.8.0.jar:/Users/fqc/.gradle/caches/modules-2/files-2.1/com.fasterxml.jackson.core/jackson-core/2.8.10/eb21a035c66ad307e66ec8fce37f5d50fd62d039/jackson-core-2.8.10.jar:/Users/fqc/.gradle/caches/modules-2/files-2.1/net.minidev/json-smart/2.2.1/5b9e5df7a62d1279b70dc882b041d249c4f0b002/json-smart-2.2.1.jar:/Users/fqc/.gradle/caches/modules-2/files-2.1/org.objenesis/objenesis/2.1/87c0ea803b69252868d09308b4618f766f135a96/objenesis-2.1.jar:/Users/fqc/.gradle/caches/modules-2/files-2.1/com.vaadin.external.google/android-json/0.0.20131108.vaadin1/fa26d351fe62a6a17f5cda1287c1c6110dec413f/android-json-0.0.20131108.vaadin1.jar:/Users/fqc/.gradle/caches/modules-2/files-2.1/net.minidev/accessors-smart/1.1/a527213f2fea112a04c9bdf0ec0264e34104cd08/accessors-smart-1.1.jar:/Users/fqc/.gradle/caches/modules-2/files-2.1/org.ow2.asm/asm/5.0.3/dcc2193db20e19e1feca8b1240dbbc4e190824fa/asm-5.0.3.jar, user.name=fqc, java.vm.specification.version=1.8, sun.java.command=worker.org.gradle.process.internal.worker.GradleWorkerMain 'Gradle Test Executor 14', java.home=/Users/fqc/.sdkman/candidates/java/8u144-zulu/jre, sun.arch.data.model=64, user.language=en, java.specification.vendor=Oracle Corporation, awt.toolkit=sun.lwawt.macosx.LWCToolkit, java.vm.info=mixed mode, java.version=1.8.0_144, java.ext.dirs=/Users/fqc/Library/Java/Extensions:/Users/fqc/.sdkman/candidates/java/8u144-zulu/jre/lib/ext:/Library/Java/Extensions:/Network/Library/Java/Extensions:/System/Library/Java/Extensions:/usr/lib/java, sun.boot.class.path=/Users/fqc/.sdkman/candidates/java/8u144-zulu/jre/lib/resources.jar:/Users/fqc/.sdkman/candidates/java/8u144-zulu/jre/lib/rt.jar:/Users/fqc/.sdkman/candidates/java/8u144-zulu/jre/lib/sunrsasign.jar:/Users/fqc/.sdkman/candidates/java/8u144-zulu/jre/lib/jsse.jar:/Users/fqc/.sdkman/candidates/java/8u144-zulu/jre/lib/jce.jar:/Users/fqc/.sdkman/candidates/java/8u144-zulu/jre/lib/charsets.jar:/Users/fqc/.sdkman/candidates/java/8u144-zulu/jre/lib/jfr.jar:/Users/fqc/.sdkman/candidates/java/8u144-zulu/jre/classes, java.vendor=Azul Systems, Inc., org.gradle.test.worker=14, file.separator=/, java.vendor.url.bug=http://www.azulsystems.com/support/, sun.io.unicode.encoding=UnicodeBig, sun.cpu.endian=little, sun.cpu.isalist=}}, SystemEnvironmentPropertySource@614002422 {name='systemEnvironment', properties={PATH=/usr/local/bin/mongo/bin:/Users/fqc/apps/hadoop-2.6.4/bin:/Users/fqc/apps/apache-maven-3.3.9/bin:/usr/local/go/bin:/Users/fqc/apps/scala-2.10.6/bin:/Applications/MacVim.app/Contents/bin:/Users/fqc/.sdkman/candidates/springboot/current/bin:/Users/fqc/.sdkman/candidates/java/current/bin:/Users/fqc/.sdkman/candidates/gradle/current/bin:/Users/fqc/work:/bin:/Users/fqc/apps/hadoop-2.6.4/bin:/Users/fqc/apps/apache-maven-3.3.9/bin:/usr/local/share/scala/bin:/Users/fqc/apps/spark-1.6.2-bin-hadoop2.6:/Users/fqc/apps/spark-1.6.2-bin-hadoop2.6/bin:/usr/local/go/bin:/Users/fqc/work/bin:/Users/fqc/apps/spark-1.6.2-bin-hadoop2.6/python/:/Users/fqc/apps/spark-1.6.2-bin-hadoop2.6/python/lib/py4j-0.9-src.zip::/usr/local/bin:/usr/bin:/bin:/usr/sbin:/sbin, SDKMAN_VERSION=5.5.11+256, MAVEN_HOME=/Users/fqc/apps/apache-maven-3.3.9, AUTOJUMP_SOURCED=1, COLORTERM=truecolor, JAVA_MAIN_CLASS_18167=org.gradle.wrapper.GradleWrapperMain, SDKMAN_DIR=/Users/fqc/.sdkman, LOGNAME=fqc, PWD=/Users/fqc/git-work/bigdata_sidepro_new/springbootdemo/myapp, TERM_PROGRAM_VERSION=3.1.beta.10, SPRINGBOOT_HOME=/Users/fqc/.sdkman/candidates/springboot/current, PYTHONPATH=/Users/fqc/apps/spark-1.6.2-bin-hadoop2.6/python/lib/py4j-0.9-src.zip:/Users/fqc/apps/spark-1.6.2-bin-hadoop2.6/python:/Users/fqc/apps/spark-1.6.2-bin-hadoop2.6/python/:/Users/fqc/apps/spark-1.6.2-bin-hadoop2.6/python/lib/py4j-0.9-src.zip:, SHELL=/bin/zsh, PAGER=less, MONGODB=/usr/local/bin/mongo, SECURITYSESSIONID=186a6, GOPATH=/Users/fqc/work, OLDPWD=/Users/fqc/git-work/bigdata_sidepro_new/springbootdemo/myapp, ZSH=/Users/fqc/.oh-my-zsh, ITERM_PROFILE=Default, TMPDIR=/var/folders/dz/9ggdb0ps3r31kxrr545jlffw0000gn/T/, XPC_FLAGS=0x0, TERM_SESSION_ID=w0t0p0:E1337BD7-4BAB-4C21-ADF7-AE3902624AA6, HADOOP_HOME=/Users/fqc/apps/hadoop-2.6.4, __CF_USER_TEXT_ENCODING=0x1F5:0x0:0x0, Apple_PubSub_Socket_Render=/private/tmp/com.apple.launchd.q1d5cfx83g/Render, LESS=-R, LC_CTYPE=UTF-8, COLORFGBG=15;0, SHLVL=1, SDKMAN_CURRENT_API=https://api.sdkman.io/2, AUTOJUMP_ERROR_PATH=/Users/fqc/Library/autojump/errors.log, JAVA_HOME=/Users/fqc/.sdkman/candidates/java/current, TERM=xterm-256color, GRADLE_HOME=/Users/fqc/.sdkman/candidates/gradle/current, JAVA_MAIN_CLASS_18180=worker.org.gradle.process.internal.worker.GradleWorkerMain, HADOOP_USER_NAME=hdfs, SPARK_HOME=/Users/fqc/apps/spark-1.6.2-bin-hadoop2.6, ITERM_SESSION_ID=w0t0p0:E1337BD7-4BAB-4C21-ADF7-AE3902624AA6, XPC_SERVICE_NAME=0, SCALA_HOME=/Users/fqc/apps/scala-2.10.6, SDKMAN_CANDIDATES_DIR=/Users/fqc/.sdkman/candidates, SDKMAN_LEGACY_API=https://api.sdkman.io/1, APP_NAME_18167=Gradle, TERM_PROGRAM=iTerm.app, LSCOLORS=Gxfxcxdxbxegedabagacad, APP_ICON_18167=/Users/fqc/git-work/bigdata_sidepro_new/springbootdemo/myapp/media/gradle.icns, SDKMAN_PLATFORM=Darwin, USER=fqc, GOROOT=/usr/local/go, SSH_AUTH_SOCK=/private/tmp/com.apple.launchd.y6GncgQPc7/Listeners, GOBIN=/Users/fqc/work/bin, MACVIM=/Applications/MacVim.app/Contents/bin, HOME=/Users/fqc}}]
14:19:27.717 [Test worker] DEBUG org.springframework.core.env.MutablePropertySources - Adding PropertySource 'inline' with highest search precedence
14:19:27.721 [Test worker] DEBUG org.springframework.test.context.support.TestPropertySourceUtils - Adding inlined properties to environment: {spring.jmx.enabled=false, org.springframework.boot.test.context.SpringBootTestContextBootstrapper=true, server.port=-1}
14:19:27.722 [Test worker] DEBUG org.springframework.core.env.StandardEnvironment - Adding PropertySource 'Inlined Test Properties' with highest search precedence

  .   ____          _            __ _ _
 /\\ / ___'_ __ _ _(_)_ __  __ _ \ \ \ \
( ( )\___ | '_ | '_| | '_ \/ _` | \ \ \ \
 \\/  ___)| |_)| | | | | || (_| |  ) ) ) )
  '  |____| .__|_| |_|_| |_\__, | / / / /
 =========|_|==============|___/=/_/_/_/
 :: Spring Boot ::        (v1.5.7.RELEASE)

2017-09-21 14:19:38.108  INFO 18180 --- [    Test worker] com.example.myapp.DemoApplicationTests   : Starting DemoApplicationTests on fqcs-MacBook-Pro.local with PID 18180 (started by fqc in /Users/fqc/git-work/bigdata_sidepro_new/springbootdemo/myapp)
2017-09-21 14:19:38.109  INFO 18180 --- [    Test worker] com.example.myapp.DemoApplicationTests   : The following profiles are active: dev
2017-09-21 14:19:38.189  INFO 18180 --- [    Test worker] o.s.w.c.s.GenericWebApplicationContext   : Refreshing org.springframework.web.context.support.GenericWebApplicationContext@71b24929: startup date [Thu Sep 21 14:19:38 CST 2017]; root of context hierarchy
2017-09-21 14:19:40.122  INFO 18180 --- [    Test worker] s.w.s.m.m.a.RequestMappingHandlerAdapter : Looking for @ControllerAdvice: org.springframework.web.context.support.GenericWebApplicationContext@71b24929: startup date [Thu Sep 21 14:19:38 CST 2017]; root of context hierarchy
2017-09-21 14:19:40.204  INFO 18180 --- [    Test worker] s.w.s.m.m.a.RequestMappingHandlerMapping : Mapped "{[/test]}" onto public java.lang.String com.example.myapp.HomeController.testLogLevel()
2017-09-21 14:19:40.205  INFO 18180 --- [    Test worker] s.w.s.m.m.a.RequestMappingHandlerMapping : Mapped "{[/]}" onto public java.lang.String com.example.myapp.HomeController.greetings()
2017-09-21 14:19:40.209  INFO 18180 --- [    Test worker] s.w.s.m.m.a.RequestMappingHandlerMapping : Mapped "{[/error]}" onto public org.springframework.http.ResponseEntity<java.util.Map<java.lang.String, java.lang.Object>> org.springframework.boot.autoconfigure.web.BasicErrorController.error(javax.servlet.http.HttpServletRequest)
2017-09-21 14:19:40.210  INFO 18180 --- [    Test worker] s.w.s.m.m.a.RequestMappingHandlerMapping : Mapped "{[/error],produces=[text/html]}" onto public org.springframework.web.servlet.ModelAndView org.springframework.boot.autoconfigure.web.BasicErrorController.errorHtml(javax.servlet.http.HttpServletRequest,javax.servlet.http.HttpServletResponse)
2017-09-21 14:19:40.254  INFO 18180 --- [    Test worker] o.s.w.s.handler.SimpleUrlHandlerMapping  : Mapped URL path [/webjars/**] onto handler of type [class org.springframework.web.servlet.resource.ResourceHttpRequestHandler]
2017-09-21 14:19:40.255  INFO 18180 --- [    Test worker] o.s.w.s.handler.SimpleUrlHandlerMapping  : Mapped URL path [/**] onto handler of type [class org.springframework.web.servlet.resource.ResourceHttpRequestHandler]
2017-09-21 14:19:40.307  INFO 18180 --- [    Test worker] o.s.w.s.handler.SimpleUrlHandlerMapping  : Mapped URL path [/**/favicon.ico] onto handler of type [class org.springframework.web.servlet.resource.ResourceHttpRequestHandler]
2017-09-21 14:19:40.644  INFO 18180 --- [    Test worker] o.s.b.a.e.mvc.EndpointHandlerMapping     : Mapped "{[/beans || /beans.json],methods=[GET],produces=[application/vnd.spring-boot.actuator.v1+json || application/json]}" onto public java.lang.Object org.springframework.boot.actuate.endpoint.mvc.EndpointMvcAdapter.invoke()
2017-09-21 14:19:40.646  INFO 18180 --- [    Test worker] o.s.b.a.e.mvc.EndpointHandlerMapping     : Mapped "{[/heapdump || /heapdump.json],methods=[GET],produces=[application/octet-stream]}" onto public void org.springframework.boot.actuate.endpoint.mvc.HeapdumpMvcEndpoint.invoke(boolean,javax.servlet.http.HttpServletRequest,javax.servlet.http.HttpServletResponse) throws java.io.IOException,javax.servlet.ServletException
2017-09-21 14:19:40.647  INFO 18180 --- [    Test worker] o.s.b.a.e.mvc.EndpointHandlerMapping     : Mapped "{[/health || /health.json],methods=[GET],produces=[application/vnd.spring-boot.actuator.v1+json || application/json]}" onto public java.lang.Object org.springframework.boot.actuate.endpoint.mvc.HealthMvcEndpoint.invoke(javax.servlet.http.HttpServletRequest,java.security.Principal)
2017-09-21 14:19:40.648  INFO 18180 --- [    Test worker] o.s.b.a.e.mvc.EndpointHandlerMapping     : Mapped "{[/autoconfig || /autoconfig.json],methods=[GET],produces=[application/vnd.spring-boot.actuator.v1+json || application/json]}" onto public java.lang.Object org.springframework.boot.actuate.endpoint.mvc.EndpointMvcAdapter.invoke()
2017-09-21 14:19:40.649  INFO 18180 --- [    Test worker] o.s.b.a.e.mvc.EndpointHandlerMapping     : Mapped "{[/mappings || /mappings.json],methods=[GET],produces=[application/vnd.spring-boot.actuator.v1+json || application/json]}" onto public java.lang.Object org.springframework.boot.actuate.endpoint.mvc.EndpointMvcAdapter.invoke()
2017-09-21 14:19:40.651  INFO 18180 --- [    Test worker] o.s.b.a.e.mvc.EndpointHandlerMapping     : Mapped "{[/trace || /trace.json],methods=[GET],produces=[application/vnd.spring-boot.actuator.v1+json || application/json]}" onto public java.lang.Object org.springframework.boot.actuate.endpoint.mvc.EndpointMvcAdapter.invoke()
2017-09-21 14:19:40.653  INFO 18180 --- [    Test worker] o.s.b.a.e.mvc.EndpointHandlerMapping     : Mapped "{[/loggers/{name:.*}],methods=[GET],produces=[application/vnd.spring-boot.actuator.v1+json || application/json]}" onto public java.lang.Object org.springframework.boot.actuate.endpoint.mvc.LoggersMvcEndpoint.get(java.lang.String)
2017-09-21 14:19:40.653  INFO 18180 --- [    Test worker] o.s.b.a.e.mvc.EndpointHandlerMapping     : Mapped "{[/loggers/{name:.*}],methods=[POST],consumes=[application/vnd.spring-boot.actuator.v1+json || application/json],produces=[application/vnd.spring-boot.actuator.v1+json || application/json]}" onto public java.lang.Object org.springframework.boot.actuate.endpoint.mvc.LoggersMvcEndpoint.set(java.lang.String,java.util.Map<java.lang.String, java.lang.String>)
2017-09-21 14:19:40.654  INFO 18180 --- [    Test worker] o.s.b.a.e.mvc.EndpointHandlerMapping     : Mapped "{[/loggers || /loggers.json],methods=[GET],produces=[application/vnd.spring-boot.actuator.v1+json || application/json]}" onto public java.lang.Object org.springframework.boot.actuate.endpoint.mvc.EndpointMvcAdapter.invoke()
2017-09-21 14:19:40.657  INFO 18180 --- [    Test worker] o.s.b.a.e.mvc.EndpointHandlerMapping     : Mapped "{[/auditevents || /auditevents.json],methods=[GET],produces=[application/vnd.spring-boot.actuator.v1+json || application/json]}" onto public org.springframework.http.ResponseEntity<?> org.springframework.boot.actuate.endpoint.mvc.AuditEventsMvcEndpoint.findByPrincipalAndAfterAndType(java.lang.String,java.util.Date,java.lang.String)
2017-09-21 14:19:40.658  INFO 18180 --- [    Test worker] o.s.b.a.e.mvc.EndpointHandlerMapping     : Mapped "{[/dump || /dump.json],methods=[GET],produces=[application/vnd.spring-boot.actuator.v1+json || application/json]}" onto public java.lang.Object org.springframework.boot.actuate.endpoint.mvc.EndpointMvcAdapter.invoke()
2017-09-21 14:19:40.660  INFO 18180 --- [    Test worker] o.s.b.a.e.mvc.EndpointHandlerMapping     : Mapped "{[/metrics/{name:.*}],methods=[GET],produces=[application/vnd.spring-boot.actuator.v1+json || application/json]}" onto public java.lang.Object org.springframework.boot.actuate.endpoint.mvc.MetricsMvcEndpoint.value(java.lang.String)
2017-09-21 14:19:40.660  INFO 18180 --- [    Test worker] o.s.b.a.e.mvc.EndpointHandlerMapping     : Mapped "{[/metrics || /metrics.json],methods=[GET],produces=[application/vnd.spring-boot.actuator.v1+json || application/json]}" onto public java.lang.Object org.springframework.boot.actuate.endpoint.mvc.EndpointMvcAdapter.invoke()
2017-09-21 14:19:40.661  INFO 18180 --- [    Test worker] o.s.b.a.e.mvc.EndpointHandlerMapping     : Mapped "{[/configprops || /configprops.json],methods=[GET],produces=[application/vnd.spring-boot.actuator.v1+json || application/json]}" onto public java.lang.Object org.springframework.boot.actuate.endpoint.mvc.EndpointMvcAdapter.invoke()
2017-09-21 14:19:40.662  INFO 18180 --- [    Test worker] o.s.b.a.e.mvc.EndpointHandlerMapping     : Mapped "{[/info || /info.json],methods=[GET],produces=[application/vnd.spring-boot.actuator.v1+json || application/json]}" onto public java.lang.Object org.springframework.boot.actuate.endpoint.mvc.EndpointMvcAdapter.invoke()
2017-09-21 14:19:40.664  INFO 18180 --- [    Test worker] o.s.b.a.e.mvc.EndpointHandlerMapping     : Mapped "{[/env/{name:.*}],methods=[GET],produces=[application/vnd.spring-boot.actuator.v1+json || application/json]}" onto public java.lang.Object org.springframework.boot.actuate.endpoint.mvc.EnvironmentMvcEndpoint.value(java.lang.String)
2017-09-21 14:19:40.664  INFO 18180 --- [    Test worker] o.s.b.a.e.mvc.EndpointHandlerMapping     : Mapped "{[/env || /env.json],methods=[GET],produces=[application/vnd.spring-boot.actuator.v1+json || application/json]}" onto public java.lang.Object org.springframework.boot.actuate.endpoint.mvc.EndpointMvcAdapter.invoke()
2017-09-21 14:19:40.892  INFO 18180 --- [    Test worker] com.example.myapp.DemoApplicationTests   : Started DemoApplicationTests in 13.158 seconds (JVM running for 14.198)
]]></system-out>
  <system-err><![CDATA[]]></system-err>
</testsuite>
